{"/Users/akhilreddymodugu/Desktop/Mea-Tec Assignment/task-manager/src/App.tsx": {"path":"/Users/akhilreddymodugu/Desktop/Mea-Tec Assignment/task-manager/src/App.tsx","statementMap":{"0":{"start":{"line":1,"column":0},"end":{"line":1,"column":43}},"1":{"start":{"line":2,"column":0},"end":{"line":2,"column":73}},"2":{"start":{"line":3,"column":0},"end":{"line":3,"column":38}},"3":{"start":{"line":4,"column":0},"end":{"line":4,"column":44}},"4":{"start":{"line":5,"column":0},"end":{"line":5,"column":37}},"5":{"start":{"line":6,"column":0},"end":{"line":6,"column":45}},"6":{"start":{"line":7,"column":0},"end":{"line":7,"column":53}},"7":{"start":{"line":8,"column":0},"end":{"line":8,"column":60}},"8":{"start":{"line":11,"column":34},"end":{"line":11,"column":93}},"9":{"start":{"line":11,"column":49},"end":{"line":11,"column":92}},"10":{"start":{"line":13,"column":2},"end":{"line":16,"column":null}},"11":{"start":{"line":14,"column":4},"end":{"line":14,"column":null}},"12":{"start":{"line":15,"column":4},"end":{"line":15,"column":null}},"13":{"start":{"line":18,"column":21},"end":{"line":18,"column":49}},"14":{"start":{"line":18,"column":27},"end":{"line":18,"column":49}},"15":{"start":{"line":18,"column":46},"end":{"line":18,"column":48}},"16":{"start":{"line":20,"column":2},"end":{"line":41,"column":null}},"17":{"start":{"line":44,"column":0},"end":{"line":44,"column":null}}},"fnMap":{"0":{"name":"App","decl":{"start":{"line":10,"column":9},"end":{"line":10,"column":12}},"loc":{"start":{"line":10,"column":12},"end":{"line":42,"column":1}}},"1":{"name":"(anonymous_1)","decl":{"start":{"line":11,"column":43},"end":{"line":11,"column":46}},"loc":{"start":{"line":11,"column":49},"end":{"line":11,"column":92}}},"2":{"name":"(anonymous_2)","decl":{"start":{"line":13,"column":12},"end":{"line":13,"column":15}},"loc":{"start":{"line":13,"column":17},"end":{"line":16,"column":3}}},"3":{"name":"(anonymous_3)","decl":{"start":{"line":18,"column":21},"end":{"line":18,"column":24}},"loc":{"start":{"line":18,"column":27},"end":{"line":18,"column":49}}},"4":{"name":"(anonymous_4)","decl":{"start":{"line":18,"column":39},"end":{"line":18,"column":40}},"loc":{"start":{"line":18,"column":46},"end":{"line":18,"column":48}}}},"branchMap":{"0":{"loc":{"start":{"line":23,"column":28},"end":{"line":23,"column":83}},"type":"cond-expr","locations":[{"start":{"line":23,"column":39},"end":{"line":23,"column":58}},{"start":{"line":23,"column":61},"end":{"line":23,"column":83}}]}},"s":{"0":1,"1":1,"2":1,"3":1,"4":1,"5":1,"6":1,"7":1,"8":5,"9":4,"10":5,"11":5,"12":5,"13":5,"14":1,"15":1,"16":5,"17":1},"f":{"0":5,"1":4,"2":5,"3":1,"4":1},"b":{"0":[2,3]}}
,"/Users/akhilreddymodugu/Desktop/Mea-Tec Assignment/task-manager/src/__tests__/testUtils.tsx": {"path":"/Users/akhilreddymodugu/Desktop/Mea-Tec Assignment/task-manager/src/__tests__/testUtils.tsx","statementMap":{"0":{"start":{"line":11,"column":0},"end":{"line":11,"column":16}},"1":{"start":{"line":26,"column":0},"end":{"line":26,"column":16}},"2":{"start":{"line":2,"column":0},"end":{"line":2,"column":67}},"3":{"start":{"line":3,"column":0},"end":{"line":3,"column":38}},"4":{"start":{"line":4,"column":0},"end":{"line":4,"column":47}},"5":{"start":{"line":5,"column":0},"end":{"line":5,"column":49}},"6":{"start":{"line":6,"column":0},"end":{"line":6,"column":44}},"7":{"start":{"line":7,"column":0},"end":{"line":7,"column":45}},"8":{"start":{"line":12,"column":2},"end":{"line":16,"column":null}},"9":{"start":{"line":36,"column":4},"end":{"line":40,"column":null}},"10":{"start":{"line":42,"column":2},"end":{"line":42,"column":null}},"11":{"start":{"line":45,"column":13},"end":{"line":51,"column":null}},"12":{"start":{"line":53,"column":13},"end":{"line":59,"column":null}},"13":{"start":{"line":61,"column":13},"end":{"line":65,"column":null}}},"fnMap":{"0":{"name":"createTestStore","decl":{"start":{"line":11,"column":16},"end":{"line":11,"column":31}},"loc":{"start":{"line":11,"column":67},"end":{"line":17,"column":1}}},"1":{"name":"renderWithProviders","decl":{"start":{"line":26,"column":16},"end":{"line":26,"column":35}},"loc":{"start":{"line":33,"column":36},"end":{"line":43,"column":1}}},"2":{"name":"Wrapper","decl":{"start":{"line":35,"column":11},"end":{"line":35,"column":18}},"loc":{"start":{"line":35,"column":62},"end":{"line":41,"column":3}}}},"branchMap":{"0":{"loc":{"start":{"line":28,"column":2},"end":{"line":33,"column":36}},"type":"default-arg","locations":[{"start":{"line":33,"column":34},"end":{"line":33,"column":36}}]},"1":{"loc":{"start":{"line":30,"column":4},"end":{"line":30,"column":26}},"type":"default-arg","locations":[{"start":{"line":30,"column":21},"end":{"line":30,"column":26}}]},"2":{"loc":{"start":{"line":31,"column":4},"end":{"line":31,"column":43}},"type":"default-arg","locations":[{"start":{"line":31,"column":12},"end":{"line":31,"column":43}}]}},"s":{"0":8,"1":8,"2":8,"3":8,"4":8,"5":8,"6":8,"7":8,"8":48,"9":48,"10":48,"11":8,"12":8,"13":8},"f":{"0":48,"1":48,"2":48},"b":{"0":[23],"1":[46],"2":[48]}}
,"/Users/akhilreddymodugu/Desktop/Mea-Tec Assignment/task-manager/src/components/EmptyState.tsx": {"path":"/Users/akhilreddymodugu/Desktop/Mea-Tec Assignment/task-manager/src/components/EmptyState.tsx","statementMap":{"0":{"start":{"line":8,"column":0},"end":{"line":8,"column":16}},"1":{"start":{"line":1,"column":0},"end":{"line":1,"column":29}},"2":{"start":{"line":2,"column":0},"end":{"line":2,"column":48}},"3":{"start":{"line":9,"column":2},"end":{"line":18,"column":null}}},"fnMap":{"0":{"name":"EmptyState","decl":{"start":{"line":8,"column":16},"end":{"line":8,"column":26}},"loc":{"start":{"line":8,"column":43},"end":{"line":19,"column":1}}}},"branchMap":{},"s":{"0":3,"1":3,"2":3,"3":29},"f":{"0":29},"b":{}}
,"/Users/akhilreddymodugu/Desktop/Mea-Tec Assignment/task-manager/src/components/Header.tsx": {"path":"/Users/akhilreddymodugu/Desktop/Mea-Tec Assignment/task-manager/src/components/Header.tsx","statementMap":{"0":{"start":{"line":12,"column":0},"end":{"line":12,"column":16}},"1":{"start":{"line":1,"column":0},"end":{"line":1,"column":29}},"2":{"start":{"line":2,"column":0},"end":{"line":2,"column":76}},"3":{"start":{"line":3,"column":0},"end":{"line":3,"column":41}},"4":{"start":{"line":4,"column":0},"end":{"line":4,"column":43}},"5":{"start":{"line":13,"column":19},"end":{"line":13,"column":45}},"6":{"start":{"line":15,"column":2},"end":{"line":35,"column":null}},"7":{"start":{"line":28,"column":25},"end":{"line":28,"column":43}}},"fnMap":{"0":{"name":"Header","decl":{"start":{"line":12,"column":16},"end":{"line":12,"column":22}},"loc":{"start":{"line":12,"column":56},"end":{"line":36,"column":1}}},"1":{"name":"(anonymous_1)","decl":{"start":{"line":28,"column":19},"end":{"line":28,"column":22}},"loc":{"start":{"line":28,"column":25},"end":{"line":28,"column":43}}}},"branchMap":{"0":{"loc":{"start":{"line":21,"column":16},"end":{"line":21,"column":88}},"type":"cond-expr","locations":[{"start":{"line":21,"column":27},"end":{"line":21,"column":69}},{"start":{"line":21,"column":72},"end":{"line":21,"column":88}}]}},"s":{"0":3,"1":3,"2":3,"3":3,"4":3,"5":70,"6":70,"7":1},"f":{"0":70,"1":1},"b":{"0":[2,68]}}
,"/Users/akhilreddymodugu/Desktop/Mea-Tec Assignment/task-manager/src/components/ProtectedRoute.tsx": {"path":"/Users/akhilreddymodugu/Desktop/Mea-Tec Assignment/task-manager/src/components/ProtectedRoute.tsx","statementMap":{"0":{"start":{"line":9,"column":0},"end":{"line":9,"column":16}},"1":{"start":{"line":1,"column":0},"end":{"line":1,"column":43}},"2":{"start":{"line":2,"column":0},"end":{"line":2,"column":41}},"3":{"start":{"line":10,"column":30},"end":{"line":10,"column":75}},"4":{"start":{"line":10,"column":64},"end":{"line":10,"column":74}},"5":{"start":{"line":11,"column":2},"end":{"line":11,"column":null}}},"fnMap":{"0":{"name":"ProtectedRoute","decl":{"start":{"line":9,"column":16},"end":{"line":9,"column":30}},"loc":{"start":{"line":9,"column":50},"end":{"line":12,"column":1}}},"1":{"name":"(anonymous_1)","decl":{"start":{"line":10,"column":42},"end":{"line":10,"column":43}},"loc":{"start":{"line":10,"column":64},"end":{"line":10,"column":74}}}},"branchMap":{"0":{"loc":{"start":{"line":11,"column":9},"end":{"line":11,"column":77}},"type":"cond-expr","locations":[{"start":{"line":11,"column":27},"end":{"line":11,"column":42}},{"start":{"line":11,"column":45},"end":{"line":11,"column":77}}]}},"s":{"0":2,"1":2,"2":2,"3":7,"4":17,"5":7},"f":{"0":7,"1":17},"b":{"0":[4,3]}}
,"/Users/akhilreddymodugu/Desktop/Mea-Tec Assignment/task-manager/src/components/TaskCard.tsx": {"path":"/Users/akhilreddymodugu/Desktop/Mea-Tec Assignment/task-manager/src/components/TaskCard.tsx","statementMap":{"0":{"start":{"line":23,"column":0},"end":{"line":23,"column":16}},"1":{"start":{"line":1,"column":0},"end":{"line":1,"column":40}},"2":{"start":{"line":2,"column":0},"end":{"line":2,"column":64}},"3":{"start":{"line":5,"column":53},"end":{"line":9,"column":null}},"4":{"start":{"line":11,"column":53},"end":{"line":15,"column":null}},"5":{"start":{"line":24,"column":2},"end":{"line":67,"column":null}},"6":{"start":{"line":31,"column":25},"end":{"line":31,"column":37}},"7":{"start":{"line":40,"column":25},"end":{"line":40,"column":42}}},"fnMap":{"0":{"name":"TaskCard","decl":{"start":{"line":23,"column":16},"end":{"line":23,"column":24}},"loc":{"start":{"line":23,"column":58},"end":{"line":68,"column":1}}},"1":{"name":"(anonymous_1)","decl":{"start":{"line":31,"column":19},"end":{"line":31,"column":22}},"loc":{"start":{"line":31,"column":25},"end":{"line":31,"column":37}}},"2":{"name":"(anonymous_2)","decl":{"start":{"line":40,"column":19},"end":{"line":40,"column":22}},"loc":{"start":{"line":40,"column":25},"end":{"line":40,"column":42}}}},"branchMap":{"0":{"loc":{"start":{"line":54,"column":7},"end":{"line":57,"column":null}},"type":"binary-expr","locations":[{"start":{"line":54,"column":7},"end":{"line":54,"column":23}},{"start":{"line":55,"column":8},"end":{"line":56,"column":null}}]}},"s":{"0":3,"1":3,"2":3,"3":3,"4":3,"5":33,"6":3,"7":2},"f":{"0":33,"1":3,"2":2},"b":{"0":[33,30]}}
,"/Users/akhilreddymodugu/Desktop/Mea-Tec Assignment/task-manager/src/components/TaskFilters.tsx": {"path":"/Users/akhilreddymodugu/Desktop/Mea-Tec Assignment/task-manager/src/components/TaskFilters.tsx","statementMap":{"0":{"start":{"line":10,"column":0},"end":{"line":10,"column":16}},"1":{"start":{"line":1,"column":0},"end":{"line":1,"column":28}},"2":{"start":{"line":11,"column":2},"end":{"line":23,"column":null}},"3":{"start":{"line":15,"column":23},"end":{"line":15,"column":63}}},"fnMap":{"0":{"name":"TaskFilters","decl":{"start":{"line":10,"column":16},"end":{"line":10,"column":27}},"loc":{"start":{"line":10,"column":54},"end":{"line":24,"column":1}}},"1":{"name":"(anonymous_1)","decl":{"start":{"line":15,"column":16},"end":{"line":15,"column":17}},"loc":{"start":{"line":15,"column":23},"end":{"line":15,"column":63}}}},"branchMap":{},"s":{"0":3,"1":3,"2":67,"3":4},"f":{"0":67,"1":4},"b":{}}
,"/Users/akhilreddymodugu/Desktop/Mea-Tec Assignment/task-manager/src/components/TaskForm.tsx": {"path":"/Users/akhilreddymodugu/Desktop/Mea-Tec Assignment/task-manager/src/components/TaskForm.tsx","statementMap":{"0":{"start":{"line":27,"column":0},"end":{"line":27,"column":16}},"1":{"start":{"line":1,"column":0},"end":{"line":1,"column":49}},"2":{"start":{"line":2,"column":0},"end":{"line":2,"column":34}},"3":{"start":{"line":3,"column":0},"end":{"line":3,"column":26}},"4":{"start":{"line":13,"column":25},"end":{"line":19,"column":2}},"5":{"start":{"line":21,"column":23},"end":{"line":25,"column":null}},"6":{"start":{"line":28,"column":17},"end":{"line":40,"column":4}},"7":{"start":{"line":37,"column":6},"end":{"line":37,"column":null}},"8":{"start":{"line":38,"column":6},"end":{"line":38,"column":null}},"9":{"start":{"line":42,"column":23},"end":{"line":45,"column":3}},"10":{"start":{"line":43,"column":4},"end":{"line":43,"column":null}},"11":{"start":{"line":44,"column":4},"end":{"line":44,"column":null}},"12":{"start":{"line":47,"column":2},"end":{"line":91,"column":null}},"13":{"start":{"line":51,"column":18},"end":{"line":51,"column":39}},"14":{"start":{"line":85,"column":33},"end":{"line":85,"column":70}}},"fnMap":{"0":{"name":"TaskForm","decl":{"start":{"line":27,"column":16},"end":{"line":27,"column":24}},"loc":{"start":{"line":27,"column":66},"end":{"line":92,"column":1}}},"1":{"name":"(anonymous_10)","decl":{"start":{"line":36,"column":14},"end":{"line":36,"column":15}},"loc":{"start":{"line":36,"column":40},"end":{"line":39,"column":5}}},"2":{"name":"(anonymous_11)","decl":{"start":{"line":42,"column":23},"end":{"line":42,"column":26}},"loc":{"start":{"line":42,"column":28},"end":{"line":45,"column":3}}},"3":{"name":"(anonymous_12)","decl":{"start":{"line":51,"column":12},"end":{"line":51,"column":15}},"loc":{"start":{"line":51,"column":18},"end":{"line":51,"column":39}}},"4":{"name":"(anonymous_13)","decl":{"start":{"line":85,"column":22},"end":{"line":85,"column":23}},"loc":{"start":{"line":85,"column":33},"end":{"line":85,"column":70}}}},"branchMap":{"0":{"loc":{"start":{"line":31,"column":13},"end":{"line":31,"column":30}},"type":"binary-expr","locations":[{"start":{"line":31,"column":13},"end":{"line":31,"column":24}},{"start":{"line":31,"column":28},"end":{"line":31,"column":30}}]},"1":{"loc":{"start":{"line":32,"column":19},"end":{"line":32,"column":42}},"type":"binary-expr","locations":[{"start":{"line":32,"column":19},"end":{"line":32,"column":36}},{"start":{"line":32,"column":40},"end":{"line":32,"column":42}}]},"2":{"loc":{"start":{"line":33,"column":15},"end":{"line":33,"column":37}},"type":"binary-expr","locations":[{"start":{"line":33,"column":15},"end":{"line":33,"column":27}},{"start":{"line":33,"column":31},"end":{"line":33,"column":37}}]},"3":{"loc":{"start":{"line":49,"column":13},"end":{"line":49,"column":47}},"type":"cond-expr","locations":[{"start":{"line":49,"column":20},"end":{"line":49,"column":31}},{"start":{"line":49,"column":34},"end":{"line":49,"column":47}}]},"4":{"loc":{"start":{"line":53,"column":14},"end":{"line":53,"column":40}},"type":"cond-expr","locations":[{"start":{"line":53,"column":21},"end":{"line":53,"column":29}},{"start":{"line":53,"column":32},"end":{"line":53,"column":40}}]},"5":{"loc":{"start":{"line":59,"column":26},"end":{"line":59,"column":84}},"type":"cond-expr","locations":[{"start":{"line":59,"column":72},"end":{"line":59,"column":79}},{"start":{"line":59,"column":82},"end":{"line":59,"column":84}}]},"6":{"loc":{"start":{"line":59,"column":26},"end":{"line":59,"column":69}},"type":"binary-expr","locations":[{"start":{"line":59,"column":26},"end":{"line":59,"column":46}},{"start":{"line":59,"column":50},"end":{"line":59,"column":69}}]},"7":{"loc":{"start":{"line":60,"column":16},"end":{"line":60,"column":59}},"type":"binary-expr","locations":[{"start":{"line":60,"column":16},"end":{"line":60,"column":36}},{"start":{"line":60,"column":40},"end":{"line":60,"column":59}}]}},"s":{"0":3,"1":3,"2":3,"3":3,"4":3,"5":3,"6":205,"7":4,"8":4,"9":205,"10":2,"11":2,"12":205,"13":6,"14":1},"f":{"0":205,"1":4,"2":2,"3":6,"4":1},"b":{"0":[205,168],"1":[205,168],"2":[205,168],"3":[37,168],"4":[37,168],"5":[4,201],"6":[205,14],"7":[205,14]}}
,"/Users/akhilreddymodugu/Desktop/Mea-Tec Assignment/task-manager/src/pages/DashboardPage.tsx": {"path":"/Users/akhilreddymodugu/Desktop/Mea-Tec Assignment/task-manager/src/pages/DashboardPage.tsx","statementMap":{"0":{"start":{"line":20,"column":0},"end":{"line":20,"column":16}},"1":{"start":{"line":1,"column":0},"end":{"line":1,"column":43}},"2":{"start":{"line":2,"column":0},"end":{"line":2,"column":54}},"3":{"start":{"line":3,"column":0},"end":{"line":3,"column":42}},"4":{"start":{"line":4,"column":0},"end":{"line":4,"column":48}},"5":{"start":{"line":5,"column":0},"end":{"line":5,"column":83}},"6":{"start":{"line":8,"column":0},"end":{"line":8,"column":45}},"7":{"start":{"line":9,"column":0},"end":{"line":9,"column":49}},"8":{"start":{"line":10,"column":0},"end":{"line":10,"column":49}},"9":{"start":{"line":11,"column":0},"end":{"line":11,"column":55}},"10":{"start":{"line":13,"column":0},"end":{"line":13,"column":53}},"11":{"start":{"line":21,"column":19},"end":{"line":21,"column":45}},"12":{"start":{"line":22,"column":36},"end":{"line":22,"column":82}},"13":{"start":{"line":22,"column":70},"end":{"line":22,"column":81}},"14":{"start":{"line":24,"column":30},"end":{"line":24,"column":59}},"15":{"start":{"line":25,"column":34},"end":{"line":25,"column":49}},"16":{"start":{"line":26,"column":40},"end":{"line":26,"column":67}},"17":{"start":{"line":28,"column":2},"end":{"line":30,"column":null}},"18":{"start":{"line":29,"column":4},"end":{"line":29,"column":null}},"19":{"start":{"line":33,"column":4},"end":{"line":33,"column":71}},"20":{"start":{"line":33,"column":51},"end":{"line":33,"column":70}},"21":{"start":{"line":35,"column":21},"end":{"line":38,"column":3}},"22":{"start":{"line":36,"column":4},"end":{"line":36,"column":null}},"23":{"start":{"line":37,"column":4},"end":{"line":37,"column":null}},"24":{"start":{"line":40,"column":21},"end":{"line":43,"column":3}},"25":{"start":{"line":41,"column":4},"end":{"line":41,"column":null}},"26":{"start":{"line":42,"column":4},"end":{"line":42,"column":null}},"27":{"start":{"line":45,"column":23},"end":{"line":47,"column":3}},"28":{"start":{"line":46,"column":4},"end":{"line":46,"column":null}},"29":{"start":{"line":49,"column":27},"end":{"line":57,"column":3}},"30":{"start":{"line":50,"column":4},"end":{"line":54,"column":5}},"31":{"start":{"line":51,"column":6},"end":{"line":51,"column":null}},"32":{"start":{"line":53,"column":6},"end":{"line":53,"column":null}},"33":{"start":{"line":55,"column":4},"end":{"line":55,"column":null}},"34":{"start":{"line":56,"column":4},"end":{"line":56,"column":null}},"35":{"start":{"line":59,"column":27},"end":{"line":62,"column":3}},"36":{"start":{"line":60,"column":4},"end":{"line":60,"column":null}},"37":{"start":{"line":61,"column":4},"end":{"line":61,"column":null}},"38":{"start":{"line":64,"column":2},"end":{"line":111,"column":null}},"39":{"start":{"line":93,"column":14},"end":{"line":94,"column":null}}},"fnMap":{"0":{"name":"DashboardPage","decl":{"start":{"line":20,"column":16},"end":{"line":20,"column":29}},"loc":{"start":{"line":20,"column":63},"end":{"line":112,"column":1}}},"1":{"name":"(anonymous_1)","decl":{"start":{"line":22,"column":48},"end":{"line":22,"column":49}},"loc":{"start":{"line":22,"column":70},"end":{"line":22,"column":81}}},"2":{"name":"(anonymous_2)","decl":{"start":{"line":28,"column":12},"end":{"line":28,"column":15}},"loc":{"start":{"line":28,"column":17},"end":{"line":30,"column":3}}},"3":{"name":"(anonymous_3)","decl":{"start":{"line":33,"column":44},"end":{"line":33,"column":45}},"loc":{"start":{"line":33,"column":51},"end":{"line":33,"column":70}}},"4":{"name":"(anonymous_4)","decl":{"start":{"line":35,"column":21},"end":{"line":35,"column":24}},"loc":{"start":{"line":35,"column":26},"end":{"line":38,"column":3}}},"5":{"name":"(anonymous_5)","decl":{"start":{"line":40,"column":21},"end":{"line":40,"column":22}},"loc":{"start":{"line":40,"column":36},"end":{"line":43,"column":3}}},"6":{"name":"(anonymous_6)","decl":{"start":{"line":45,"column":23},"end":{"line":45,"column":24}},"loc":{"start":{"line":45,"column":38},"end":{"line":47,"column":3}}},"7":{"name":"(anonymous_7)","decl":{"start":{"line":49,"column":27},"end":{"line":49,"column":32}},"loc":{"start":{"line":49,"column":76},"end":{"line":57,"column":3}}},"8":{"name":"(anonymous_8)","decl":{"start":{"line":59,"column":27},"end":{"line":59,"column":30}},"loc":{"start":{"line":59,"column":32},"end":{"line":62,"column":3}}},"9":{"name":"(anonymous_9)","decl":{"start":{"line":92,"column":26},"end":{"line":92,"column":27}},"loc":{"start":{"line":93,"column":14},"end":{"line":94,"column":null}}}},"branchMap":{"0":{"loc":{"start":{"line":33,"column":4},"end":{"line":33,"column":71}},"type":"cond-expr","locations":[{"start":{"line":33,"column":23},"end":{"line":33,"column":28}},{"start":{"line":33,"column":31},"end":{"line":33,"column":71}}]},"1":{"loc":{"start":{"line":50,"column":4},"end":{"line":54,"column":5}},"type":"if","locations":[{"start":{"line":50,"column":4},"end":{"line":54,"column":5}},{"start":{"line":52,"column":11},"end":{"line":54,"column":5}}]},"2":{"loc":{"start":{"line":80,"column":9},"end":{"line":81,"column":null}},"type":"binary-expr","locations":[{"start":{"line":80,"column":9},"end":{"line":80,"column":14}},{"start":{"line":81,"column":10},"end":{"line":81,"column":72}}]},"3":{"loc":{"start":{"line":84,"column":9},"end":{"line":100,"column":null}},"type":"cond-expr","locations":[{"start":{"line":85,"column":10},"end":{"line":86,"column":null}},{"start":{"line":88,"column":12},"end":{"line":100,"column":null}}]},"4":{"loc":{"start":{"line":88,"column":12},"end":{"line":100,"column":null}},"type":"cond-expr","locations":[{"start":{"line":89,"column":10},"end":{"line":89,"column":43}},{"start":{"line":91,"column":10},"end":{"line":99,"column":null}}]}},"s":{"0":2,"1":2,"2":2,"3":2,"4":2,"5":2,"6":2,"7":2,"8":2,"9":2,"10":2,"11":65,"12":65,"13":117,"14":65,"15":65,"16":65,"17":65,"18":17,"19":65,"20":4,"21":65,"22":4,"23":4,"24":65,"25":2,"26":2,"27":65,"28":1,"29":65,"30":2,"31":1,"32":1,"33":2,"34":2,"35":65,"36":1,"37":1,"38":65,"39":26},"f":{"0":65,"1":117,"2":17,"3":4,"4":4,"5":2,"6":1,"7":2,"8":1,"9":26},"b":{"0":[63,2],"1":[1,1],"2":[65,1],"3":[17,48],"4":[27,21]}}
,"/Users/akhilreddymodugu/Desktop/Mea-Tec Assignment/task-manager/src/pages/LoginPage.tsx": {"path":"/Users/akhilreddymodugu/Desktop/Mea-Tec Assignment/task-manager/src/pages/LoginPage.tsx","statementMap":{"0":{"start":{"line":15,"column":0},"end":{"line":15,"column":16}},"1":{"start":{"line":1,"column":0},"end":{"line":1,"column":33}},"2":{"start":{"line":2,"column":0},"end":{"line":2,"column":46}},"3":{"start":{"line":3,"column":0},"end":{"line":3,"column":54}},"4":{"start":{"line":4,"column":0},"end":{"line":4,"column":55}},"5":{"start":{"line":5,"column":0},"end":{"line":5,"column":34}},"6":{"start":{"line":6,"column":0},"end":{"line":6,"column":26}},"7":{"start":{"line":7,"column":0},"end":{"line":7,"column":42}},"8":{"start":{"line":10,"column":25},"end":{"line":13,"column":2}},"9":{"start":{"line":16,"column":19},"end":{"line":16,"column":45}},"10":{"start":{"line":17,"column":19},"end":{"line":17,"column":32}},"11":{"start":{"line":18,"column":46},"end":{"line":18,"column":91}},"12":{"start":{"line":18,"column":80},"end":{"line":18,"column":90}},"13":{"start":{"line":20,"column":2},"end":{"line":22,"column":null}},"14":{"start":{"line":21,"column":4},"end":{"line":21,"column":null}},"15":{"start":{"line":21,"column":25},"end":{"line":21,"column":null}},"16":{"start":{"line":24,"column":17},"end":{"line":30,"column":4}},"17":{"start":{"line":28,"column":6},"end":{"line":28,"column":null}},"18":{"start":{"line":32,"column":2},"end":{"line":94,"column":null}},"19":{"start":{"line":44,"column":48},"end":{"line":44,"column":69}}},"fnMap":{"0":{"name":"LoginPage","decl":{"start":{"line":15,"column":16},"end":{"line":15,"column":25}},"loc":{"start":{"line":15,"column":25},"end":{"line":95,"column":1}}},"1":{"name":"(anonymous_10)","decl":{"start":{"line":18,"column":58},"end":{"line":18,"column":59}},"loc":{"start":{"line":18,"column":80},"end":{"line":18,"column":90}}},"2":{"name":"(anonymous_11)","decl":{"start":{"line":20,"column":12},"end":{"line":20,"column":15}},"loc":{"start":{"line":20,"column":17},"end":{"line":22,"column":3}}},"3":{"name":"(anonymous_12)","decl":{"start":{"line":27,"column":14},"end":{"line":27,"column":19}},"loc":{"start":{"line":27,"column":31},"end":{"line":29,"column":5}}},"4":{"name":"(anonymous_13)","decl":{"start":{"line":44,"column":42},"end":{"line":44,"column":45}},"loc":{"start":{"line":44,"column":48},"end":{"line":44,"column":69}}}},"branchMap":{"0":{"loc":{"start":{"line":21,"column":4},"end":{"line":21,"column":null}},"type":"if","locations":[{"start":{"line":21,"column":4},"end":{"line":21,"column":null}}]},"1":{"loc":{"start":{"line":40,"column":9},"end":{"line":41,"column":null}},"type":"binary-expr","locations":[{"start":{"line":40,"column":9},"end":{"line":40,"column":14}},{"start":{"line":41,"column":10},"end":{"line":41,"column":81}}]},"2":{"loc":{"start":{"line":47,"column":28},"end":{"line":47,"column":92}},"type":"cond-expr","locations":[{"start":{"line":47,"column":80},"end":{"line":47,"column":87}},{"start":{"line":47,"column":90},"end":{"line":47,"column":92}}]},"3":{"loc":{"start":{"line":47,"column":28},"end":{"line":47,"column":77}},"type":"binary-expr","locations":[{"start":{"line":47,"column":28},"end":{"line":47,"column":51}},{"start":{"line":47,"column":55},"end":{"line":47,"column":77}}]},"4":{"loc":{"start":{"line":48,"column":18},"end":{"line":48,"column":67}},"type":"binary-expr","locations":[{"start":{"line":48,"column":18},"end":{"line":48,"column":41}},{"start":{"line":48,"column":45},"end":{"line":48,"column":67}}]},"5":{"loc":{"start":{"line":63,"column":28},"end":{"line":63,"column":92}},"type":"cond-expr","locations":[{"start":{"line":63,"column":80},"end":{"line":63,"column":87}},{"start":{"line":63,"column":90},"end":{"line":63,"column":92}}]},"6":{"loc":{"start":{"line":63,"column":28},"end":{"line":63,"column":77}},"type":"binary-expr","locations":[{"start":{"line":63,"column":28},"end":{"line":63,"column":51}},{"start":{"line":63,"column":55},"end":{"line":63,"column":77}}]},"7":{"loc":{"start":{"line":64,"column":18},"end":{"line":64,"column":67}},"type":"binary-expr","locations":[{"start":{"line":64,"column":18},"end":{"line":64,"column":41}},{"start":{"line":64,"column":45},"end":{"line":64,"column":67}}]}},"s":{"0":2,"1":2,"2":2,"3":2,"4":2,"5":2,"6":2,"7":2,"8":2,"9":67,"10":67,"11":67,"12":80,"13":67,"14":12,"15":5,"16":67,"17":2,"18":67,"19":3},"f":{"0":67,"1":80,"2":12,"3":2,"4":3},"b":{"0":[5],"1":[67,1],"2":[1,66],"3":[67,41],"4":[67,41],"5":[1,66],"6":[67,9],"7":[67,9]}}
,"/Users/akhilreddymodugu/Desktop/Mea-Tec Assignment/task-manager/src/store/authSlice.ts": {"path":"/Users/akhilreddymodugu/Desktop/Mea-Tec Assignment/task-manager/src/store/authSlice.ts","statementMap":{"0":{"start":{"line":1,"column":0},"end":{"line":1,"column":64}},"1":{"start":{"line":2,"column":0},"end":{"line":2,"column":25}},"2":{"start":{"line":5,"column":20},"end":{"line":5,"column":54}},"3":{"start":{"line":6,"column":19},"end":{"line":6,"column":52}},"4":{"start":{"line":8,"column":32},"end":{"line":14,"column":null}},"5":{"start":{"line":16,"column":13},"end":{"line":26,"column":null}},"6":{"start":{"line":19,"column":4},"end":{"line":24,"column":5}},"7":{"start":{"line":20,"column":23},"end":{"line":20,"column":81}},"8":{"start":{"line":21,"column":6},"end":{"line":21,"column":null}},"9":{"start":{"line":23,"column":6},"end":{"line":23,"column":null}},"10":{"start":{"line":28,"column":18},"end":{"line":63,"column":2}},"11":{"start":{"line":33,"column":6},"end":{"line":33,"column":null}},"12":{"start":{"line":34,"column":6},"end":{"line":34,"column":null}},"13":{"start":{"line":35,"column":6},"end":{"line":35,"column":null}},"14":{"start":{"line":36,"column":6},"end":{"line":36,"column":null}},"15":{"start":{"line":37,"column":6},"end":{"line":37,"column":null}},"16":{"start":{"line":38,"column":6},"end":{"line":38,"column":null}},"17":{"start":{"line":41,"column":6},"end":{"line":41,"column":null}},"18":{"start":{"line":45,"column":4},"end":{"line":61,"column":null}},"19":{"start":{"line":47,"column":8},"end":{"line":47,"column":null}},"20":{"start":{"line":48,"column":8},"end":{"line":48,"column":null}},"21":{"start":{"line":51,"column":8},"end":{"line":51,"column":null}},"22":{"start":{"line":52,"column":8},"end":{"line":52,"column":null}},"23":{"start":{"line":53,"column":8},"end":{"line":53,"column":null}},"24":{"start":{"line":54,"column":8},"end":{"line":54,"column":null}},"25":{"start":{"line":55,"column":8},"end":{"line":55,"column":null}},"26":{"start":{"line":56,"column":8},"end":{"line":56,"column":null}},"27":{"start":{"line":59,"column":8},"end":{"line":59,"column":null}},"28":{"start":{"line":60,"column":8},"end":{"line":60,"column":null}},"29":{"start":{"line":65,"column":13},"end":{"line":65,"column":38}},"30":{"start":{"line":66,"column":0},"end":{"line":66,"column":null}}},"fnMap":{"0":{"name":"(anonymous_1)","decl":{"start":{"line":18,"column":2},"end":{"line":18,"column":7}},"loc":{"start":{"line":18,"column":45},"end":{"line":25,"column":3}}},"1":{"name":"(anonymous_2)","decl":{"start":{"line":32,"column":12},"end":{"line":32,"column":13}},"loc":{"start":{"line":32,"column":22},"end":{"line":39,"column":5}}},"2":{"name":"(anonymous_3)","decl":{"start":{"line":40,"column":16},"end":{"line":40,"column":17}},"loc":{"start":{"line":40,"column":26},"end":{"line":42,"column":5}}},"3":{"name":"(anonymous_4)","decl":{"start":{"line":44,"column":17},"end":{"line":44,"column":18}},"loc":{"start":{"line":44,"column":29},"end":{"line":62,"column":3}}},"4":{"name":"(anonymous_5)","decl":{"start":{"line":46,"column":30},"end":{"line":46,"column":31}},"loc":{"start":{"line":46,"column":40},"end":{"line":49,"column":7}}},"5":{"name":"(anonymous_6)","decl":{"start":{"line":50,"column":32},"end":{"line":50,"column":33}},"loc":{"start":{"line":50,"column":50},"end":{"line":57,"column":7}}},"6":{"name":"(anonymous_7)","decl":{"start":{"line":58,"column":31},"end":{"line":58,"column":32}},"loc":{"start":{"line":58,"column":49},"end":{"line":61,"column":7}}}},"branchMap":{"0":{"loc":{"start":{"line":10,"column":8},"end":{"line":10,"column":50}},"type":"cond-expr","locations":[{"start":{"line":10,"column":21},"end":{"line":10,"column":43}},{"start":{"line":10,"column":46},"end":{"line":10,"column":50}}]}},"s":{"0":11,"1":11,"2":11,"3":11,"4":11,"5":11,"6":5,"7":5,"8":2,"9":1,"10":11,"11":6,"12":6,"13":6,"14":6,"15":6,"16":6,"17":1,"18":11,"19":5,"20":5,"21":4,"22":4,"23":4,"24":4,"25":4,"26":4,"27":1,"28":1,"29":11,"30":11},"f":{"0":5,"1":6,"2":1,"3":11,"4":5,"5":4,"6":1},"b":{"0":[1,10]}}
,"/Users/akhilreddymodugu/Desktop/Mea-Tec Assignment/task-manager/src/store/store.ts": {"path":"/Users/akhilreddymodugu/Desktop/Mea-Tec Assignment/task-manager/src/store/store.ts","statementMap":{"0":{"start":{"line":1,"column":0},"end":{"line":1,"column":49}},"1":{"start":{"line":2,"column":0},"end":{"line":2,"column":37}},"2":{"start":{"line":3,"column":0},"end":{"line":3,"column":38}},"3":{"start":{"line":5,"column":13},"end":{"line":10,"column":null}}},"fnMap":{},"branchMap":{},"s":{"0":1,"1":1,"2":1,"3":1},"f":{},"b":{}}
,"/Users/akhilreddymodugu/Desktop/Mea-Tec Assignment/task-manager/src/store/taskSlice.ts": {"path":"/Users/akhilreddymodugu/Desktop/Mea-Tec Assignment/task-manager/src/store/taskSlice.ts","statementMap":{"0":{"start":{"line":1,"column":0},"end":{"line":1,"column":64}},"1":{"start":{"line":2,"column":0},"end":{"line":2,"column":25}},"2":{"start":{"line":5,"column":33},"end":{"line":9,"column":null}},"3":{"start":{"line":11,"column":13},"end":{"line":21,"column":null}},"4":{"start":{"line":14,"column":4},"end":{"line":19,"column":5}},"5":{"start":{"line":15,"column":23},"end":{"line":15,"column":60}},"6":{"start":{"line":16,"column":6},"end":{"line":16,"column":null}},"7":{"start":{"line":18,"column":6},"end":{"line":18,"column":null}},"8":{"start":{"line":23,"column":13},"end":{"line":34,"column":null}},"9":{"start":{"line":28,"column":2},"end":{"line":33,"column":3}},"10":{"start":{"line":29,"column":21},"end":{"line":29,"column":67}},"11":{"start":{"line":30,"column":4},"end":{"line":30,"column":null}},"12":{"start":{"line":32,"column":4},"end":{"line":32,"column":null}},"13":{"start":{"line":36,"column":13},"end":{"line":47,"column":null}},"14":{"start":{"line":41,"column":2},"end":{"line":46,"column":3}},"15":{"start":{"line":42,"column":21},"end":{"line":42,"column":68}},"16":{"start":{"line":43,"column":4},"end":{"line":43,"column":null}},"17":{"start":{"line":45,"column":4},"end":{"line":45,"column":null}},"18":{"start":{"line":49,"column":13},"end":{"line":59,"column":null}},"19":{"start":{"line":52,"column":4},"end":{"line":57,"column":5}},"20":{"start":{"line":53,"column":6},"end":{"line":53,"column":null}},"21":{"start":{"line":54,"column":6},"end":{"line":54,"column":null}},"22":{"start":{"line":56,"column":6},"end":{"line":56,"column":null}},"23":{"start":{"line":61,"column":19},"end":{"line":99,"column":2}},"24":{"start":{"line":66,"column":4},"end":{"line":97,"column":null}},"25":{"start":{"line":68,"column":8},"end":{"line":68,"column":null}},"26":{"start":{"line":69,"column":8},"end":{"line":69,"column":null}},"27":{"start":{"line":72,"column":8},"end":{"line":72,"column":null}},"28":{"start":{"line":73,"column":8},"end":{"line":73,"column":null}},"29":{"start":{"line":76,"column":8},"end":{"line":76,"column":null}},"30":{"start":{"line":77,"column":8},"end":{"line":77,"column":null}},"31":{"start":{"line":80,"column":8},"end":{"line":80,"column":null}},"32":{"start":{"line":83,"column":8},"end":{"line":83,"column":null}},"33":{"start":{"line":86,"column":22},"end":{"line":86,"column":78}},"34":{"start":{"line":86,"column":51},"end":{"line":86,"column":77}},"35":{"start":{"line":87,"column":8},"end":{"line":87,"column":null}},"36":{"start":{"line":87,"column":26},"end":{"line":87,"column":null}},"37":{"start":{"line":90,"column":8},"end":{"line":90,"column":null}},"38":{"start":{"line":93,"column":8},"end":{"line":93,"column":null}},"39":{"start":{"line":93,"column":48},"end":{"line":93,"column":71}},"40":{"start":{"line":96,"column":8},"end":{"line":96,"column":null}},"41":{"start":{"line":101,"column":0},"end":{"line":101,"column":null}}},"fnMap":{"0":{"name":"(anonymous_1)","decl":{"start":{"line":13,"column":2},"end":{"line":13,"column":7}},"loc":{"start":{"line":13,"column":35},"end":{"line":20,"column":3}}},"1":{"name":"(anonymous_2)","decl":{"start":{"line":27,"column":18},"end":{"line":27,"column":23}},"loc":{"start":{"line":27,"column":58},"end":{"line":34,"column":1}}},"2":{"name":"(anonymous_3)","decl":{"start":{"line":40,"column":18},"end":{"line":40,"column":23}},"loc":{"start":{"line":40,"column":62},"end":{"line":47,"column":1}}},"3":{"name":"(anonymous_4)","decl":{"start":{"line":51,"column":2},"end":{"line":51,"column":7}},"loc":{"start":{"line":51,"column":36},"end":{"line":58,"column":3}}},"4":{"name":"(anonymous_5)","decl":{"start":{"line":65,"column":17},"end":{"line":65,"column":18}},"loc":{"start":{"line":65,"column":29},"end":{"line":98,"column":3}}},"5":{"name":"(anonymous_6)","decl":{"start":{"line":67,"column":35},"end":{"line":67,"column":36}},"loc":{"start":{"line":67,"column":45},"end":{"line":70,"column":7}}},"6":{"name":"(anonymous_7)","decl":{"start":{"line":71,"column":37},"end":{"line":71,"column":38}},"loc":{"start":{"line":71,"column":55},"end":{"line":74,"column":7}}},"7":{"name":"(anonymous_8)","decl":{"start":{"line":75,"column":36},"end":{"line":75,"column":37}},"loc":{"start":{"line":75,"column":54},"end":{"line":78,"column":7}}},"8":{"name":"(anonymous_9)","decl":{"start":{"line":79,"column":37},"end":{"line":79,"column":38}},"loc":{"start":{"line":79,"column":55},"end":{"line":81,"column":7}}},"9":{"name":"(anonymous_10)","decl":{"start":{"line":82,"column":36},"end":{"line":82,"column":37}},"loc":{"start":{"line":82,"column":54},"end":{"line":84,"column":7}}},"10":{"name":"(anonymous_11)","decl":{"start":{"line":85,"column":37},"end":{"line":85,"column":38}},"loc":{"start":{"line":85,"column":55},"end":{"line":88,"column":7}}},"11":{"name":"(anonymous_12)","decl":{"start":{"line":86,"column":44},"end":{"line":86,"column":45}},"loc":{"start":{"line":86,"column":51},"end":{"line":86,"column":77}}},"12":{"name":"(anonymous_13)","decl":{"start":{"line":89,"column":36},"end":{"line":89,"column":37}},"loc":{"start":{"line":89,"column":54},"end":{"line":91,"column":7}}},"13":{"name":"(anonymous_14)","decl":{"start":{"line":92,"column":37},"end":{"line":92,"column":38}},"loc":{"start":{"line":92,"column":55},"end":{"line":94,"column":7}}},"14":{"name":"(anonymous_15)","decl":{"start":{"line":93,"column":41},"end":{"line":93,"column":42}},"loc":{"start":{"line":93,"column":48},"end":{"line":93,"column":71}}},"15":{"name":"(anonymous_16)","decl":{"start":{"line":95,"column":36},"end":{"line":95,"column":37}},"loc":{"start":{"line":95,"column":54},"end":{"line":97,"column":7}}}},"branchMap":{"0":{"loc":{"start":{"line":87,"column":8},"end":{"line":87,"column":null}},"type":"if","locations":[{"start":{"line":87,"column":8},"end":{"line":87,"column":null}}]}},"s":{"0":10,"1":10,"2":10,"3":10,"4":20,"5":20,"6":16,"7":2,"8":10,"9":3,"10":3,"11":2,"12":1,"13":10,"14":4,"15":4,"16":3,"17":1,"18":10,"19":3,"20":3,"21":2,"22":1,"23":10,"24":10,"25":20,"26":20,"27":16,"28":16,"29":2,"30":2,"31":2,"32":1,"33":3,"34":3,"35":3,"36":2,"37":1,"38":2,"39":2,"40":1,"41":10},"f":{"0":20,"1":3,"2":4,"3":3,"4":10,"5":20,"6":16,"7":2,"8":2,"9":1,"10":3,"11":3,"12":1,"13":2,"14":2,"15":1},"b":{"0":[2]}}
}
