TN:
SF:src/App.tsx
FN:10,App
FN:11,(anonymous_1)
FN:13,(anonymous_2)
FN:18,(anonymous_3)
FN:18,(anonymous_4)
FNF:5
FNH:5
FNDA:5,App
FNDA:4,(anonymous_1)
FNDA:5,(anonymous_2)
FNDA:1,(anonymous_3)
FNDA:1,(anonymous_4)
DA:1,1
DA:2,1
DA:3,1
DA:4,1
DA:5,1
DA:6,1
DA:7,1
DA:8,1
DA:11,5
DA:13,5
DA:14,5
DA:15,5
DA:18,5
DA:20,5
DA:44,1
LF:15
LH:15
BRDA:23,0,0,2
BRDA:23,0,1,3
BRF:2
BRH:2
end_of_record
TN:
SF:src/__tests__/testUtils.tsx
FN:11,createTestStore
FN:26,renderWithProviders
FN:35,Wrapper
FNF:3
FNH:3
FNDA:48,createTestStore
FNDA:48,renderWithProviders
FNDA:48,Wrapper
DA:2,8
DA:3,8
DA:4,8
DA:5,8
DA:6,8
DA:7,8
DA:11,8
DA:12,48
DA:26,8
DA:36,48
DA:42,48
DA:45,8
DA:53,8
DA:61,8
LF:14
LH:14
BRDA:28,0,0,23
BRDA:30,1,0,46
BRDA:31,2,0,48
BRF:3
BRH:3
end_of_record
TN:
SF:src/components/EmptyState.tsx
FN:8,EmptyState
FNF:1
FNH:1
FNDA:29,EmptyState
DA:1,3
DA:2,3
DA:8,3
DA:9,29
LF:4
LH:4
BRF:0
BRH:0
end_of_record
TN:
SF:src/components/Header.tsx
FN:12,Header
FN:28,(anonymous_1)
FNF:2
FNH:2
FNDA:70,Header
FNDA:1,(anonymous_1)
DA:1,3
DA:2,3
DA:3,3
DA:4,3
DA:12,3
DA:13,70
DA:15,70
DA:28,1
LF:8
LH:8
BRDA:21,0,0,2
BRDA:21,0,1,68
BRF:2
BRH:2
end_of_record
TN:
SF:src/components/ProtectedRoute.tsx
FN:9,ProtectedRoute
FN:10,(anonymous_1)
FNF:2
FNH:2
FNDA:7,ProtectedRoute
FNDA:17,(anonymous_1)
DA:1,2
DA:2,2
DA:9,2
DA:10,17
DA:11,7
LF:5
LH:5
BRDA:11,0,0,4
BRDA:11,0,1,3
BRF:2
BRH:2
end_of_record
TN:
SF:src/components/TaskCard.tsx
FN:23,TaskCard
FN:31,(anonymous_1)
FN:40,(anonymous_2)
FNF:3
FNH:3
FNDA:33,TaskCard
FNDA:3,(anonymous_1)
FNDA:2,(anonymous_2)
DA:1,3
DA:2,3
DA:5,3
DA:11,3
DA:23,3
DA:24,33
DA:31,3
DA:40,2
LF:8
LH:8
BRDA:54,0,0,33
BRDA:54,0,1,30
BRF:2
BRH:2
end_of_record
TN:
SF:src/components/TaskFilters.tsx
FN:10,TaskFilters
FN:15,(anonymous_1)
FNF:2
FNH:2
FNDA:67,TaskFilters
FNDA:4,(anonymous_1)
DA:1,3
DA:10,3
DA:11,67
DA:15,4
LF:4
LH:4
BRF:0
BRH:0
end_of_record
TN:
SF:src/components/TaskForm.tsx
FN:27,TaskForm
FN:36,(anonymous_10)
FN:42,(anonymous_11)
FN:51,(anonymous_12)
FN:85,(anonymous_13)
FNF:5
FNH:5
FNDA:205,TaskForm
FNDA:4,(anonymous_10)
FNDA:2,(anonymous_11)
FNDA:6,(anonymous_12)
FNDA:1,(anonymous_13)
DA:1,3
DA:2,3
DA:3,3
DA:13,3
DA:21,3
DA:27,3
DA:28,205
DA:37,4
DA:38,4
DA:42,205
DA:43,2
DA:44,2
DA:47,205
DA:51,6
DA:85,1
LF:15
LH:15
BRDA:31,0,0,205
BRDA:31,0,1,168
BRDA:32,1,0,205
BRDA:32,1,1,168
BRDA:33,2,0,205
BRDA:33,2,1,168
BRDA:49,3,0,37
BRDA:49,3,1,168
BRDA:53,4,0,37
BRDA:53,4,1,168
BRDA:59,5,0,4
BRDA:59,5,1,201
BRDA:59,6,0,205
BRDA:59,6,1,14
BRDA:60,7,0,205
BRDA:60,7,1,14
BRF:16
BRH:16
end_of_record
TN:
SF:src/pages/DashboardPage.tsx
FN:20,DashboardPage
FN:22,(anonymous_1)
FN:28,(anonymous_2)
FN:33,(anonymous_3)
FN:35,(anonymous_4)
FN:40,(anonymous_5)
FN:45,(anonymous_6)
FN:49,(anonymous_7)
FN:59,(anonymous_8)
FN:92,(anonymous_9)
FNF:10
FNH:10
FNDA:65,DashboardPage
FNDA:117,(anonymous_1)
FNDA:17,(anonymous_2)
FNDA:4,(anonymous_3)
FNDA:4,(anonymous_4)
FNDA:2,(anonymous_5)
FNDA:1,(anonymous_6)
FNDA:2,(anonymous_7)
FNDA:1,(anonymous_8)
FNDA:26,(anonymous_9)
DA:1,2
DA:2,2
DA:3,2
DA:4,2
DA:5,2
DA:8,2
DA:9,2
DA:10,2
DA:11,2
DA:13,2
DA:20,2
DA:21,65
DA:22,117
DA:24,65
DA:25,65
DA:26,65
DA:28,65
DA:29,17
DA:33,65
DA:35,65
DA:36,4
DA:37,4
DA:40,65
DA:41,2
DA:42,2
DA:45,65
DA:46,1
DA:49,65
DA:50,2
DA:51,1
DA:53,1
DA:55,2
DA:56,2
DA:59,65
DA:60,1
DA:61,1
DA:64,65
DA:93,26
LF:38
LH:38
BRDA:33,0,0,63
BRDA:33,0,1,2
BRDA:50,1,0,1
BRDA:50,1,1,1
BRDA:80,2,0,65
BRDA:80,2,1,1
BRDA:84,3,0,17
BRDA:84,3,1,48
BRDA:88,4,0,27
BRDA:88,4,1,21
BRF:10
BRH:10
end_of_record
TN:
SF:src/pages/LoginPage.tsx
FN:15,LoginPage
FN:18,(anonymous_10)
FN:20,(anonymous_11)
FN:27,(anonymous_12)
FN:44,(anonymous_13)
FNF:5
FNH:5
FNDA:67,LoginPage
FNDA:80,(anonymous_10)
FNDA:12,(anonymous_11)
FNDA:2,(anonymous_12)
FNDA:3,(anonymous_13)
DA:1,2
DA:2,2
DA:3,2
DA:4,2
DA:5,2
DA:6,2
DA:7,2
DA:10,2
DA:15,2
DA:16,67
DA:17,67
DA:18,80
DA:20,67
DA:21,12
DA:24,67
DA:28,2
DA:32,67
DA:44,3
LF:18
LH:18
BRDA:21,0,0,5
BRDA:40,1,0,67
BRDA:40,1,1,1
BRDA:47,2,0,1
BRDA:47,2,1,66
BRDA:47,3,0,67
BRDA:47,3,1,41
BRDA:48,4,0,67
BRDA:48,4,1,41
BRDA:63,5,0,1
BRDA:63,5,1,66
BRDA:63,6,0,67
BRDA:63,6,1,9
BRDA:64,7,0,67
BRDA:64,7,1,9
BRF:15
BRH:15
end_of_record
TN:
SF:src/store/authSlice.ts
FN:18,(anonymous_1)
FN:32,(anonymous_2)
FN:40,(anonymous_3)
FN:44,(anonymous_4)
FN:46,(anonymous_5)
FN:50,(anonymous_6)
FN:58,(anonymous_7)
FNF:7
FNH:7
FNDA:5,(anonymous_1)
FNDA:6,(anonymous_2)
FNDA:1,(anonymous_3)
FNDA:11,(anonymous_4)
FNDA:5,(anonymous_5)
FNDA:4,(anonymous_6)
FNDA:1,(anonymous_7)
DA:1,11
DA:2,11
DA:5,11
DA:6,11
DA:8,11
DA:16,11
DA:19,5
DA:20,5
DA:21,2
DA:23,1
DA:28,11
DA:33,6
DA:34,6
DA:35,6
DA:36,6
DA:37,6
DA:38,6
DA:41,1
DA:45,11
DA:47,5
DA:48,5
DA:51,4
DA:52,4
DA:53,4
DA:54,4
DA:55,4
DA:56,4
DA:59,1
DA:60,1
DA:65,11
DA:66,11
LF:31
LH:31
BRDA:10,0,0,1
BRDA:10,0,1,10
BRF:2
BRH:2
end_of_record
TN:
SF:src/store/store.ts
FNF:0
FNH:0
DA:1,1
DA:2,1
DA:3,1
DA:5,1
LF:4
LH:4
BRF:0
BRH:0
end_of_record
TN:
SF:src/store/taskSlice.ts
FN:13,(anonymous_1)
FN:27,(anonymous_2)
FN:40,(anonymous_3)
FN:51,(anonymous_4)
FN:65,(anonymous_5)
FN:67,(anonymous_6)
FN:71,(anonymous_7)
FN:75,(anonymous_8)
FN:79,(anonymous_9)
FN:82,(anonymous_10)
FN:85,(anonymous_11)
FN:86,(anonymous_12)
FN:89,(anonymous_13)
FN:92,(anonymous_14)
FN:93,(anonymous_15)
FN:95,(anonymous_16)
FNF:16
FNH:16
FNDA:20,(anonymous_1)
FNDA:3,(anonymous_2)
FNDA:4,(anonymous_3)
FNDA:3,(anonymous_4)
FNDA:10,(anonymous_5)
FNDA:20,(anonymous_6)
FNDA:16,(anonymous_7)
FNDA:2,(anonymous_8)
FNDA:2,(anonymous_9)
FNDA:1,(anonymous_10)
FNDA:3,(anonymous_11)
FNDA:3,(anonymous_12)
FNDA:1,(anonymous_13)
FNDA:2,(anonymous_14)
FNDA:2,(anonymous_15)
FNDA:1,(anonymous_16)
DA:1,10
DA:2,10
DA:5,10
DA:11,10
DA:14,20
DA:15,20
DA:16,16
DA:18,2
DA:23,10
DA:28,3
DA:29,3
DA:30,2
DA:32,1
DA:36,10
DA:41,4
DA:42,4
DA:43,3
DA:45,1
DA:49,10
DA:52,3
DA:53,3
DA:54,2
DA:56,1
DA:61,10
DA:66,10
DA:68,20
DA:69,20
DA:72,16
DA:73,16
DA:76,2
DA:77,2
DA:80,2
DA:83,1
DA:86,3
DA:87,3
DA:90,1
DA:93,2
DA:96,1
DA:101,10
LF:39
LH:39
BRDA:87,0,0,2
BRF:1
BRH:1
end_of_record
